[debug] [2023-02-11T20:27:16.363Z] ----------------------------------------------------------------------
[debug] [2023-02-11T20:27:16.364Z] Command:       C:\Program Files\nodejs\node.exe C:\Users\USER\AppData\Roaming\npm\node_modules\firebase-tools\lib\bin\firebase.js init
[debug] [2023-02-11T20:27:16.365Z] CLI Version:   11.16.0
[debug] [2023-02-11T20:27:16.365Z] Platform:      win32
[debug] [2023-02-11T20:27:16.365Z] Node Version:  v16.15.1
[debug] [2023-02-11T20:27:16.366Z] Time:          Sun Feb 12 2023 02:27:16 GMT+0600 (Bangladesh Standard Time)
[debug] [2023-02-11T20:27:16.366Z] ----------------------------------------------------------------------
[debug] 
[debug] [2023-02-11T20:27:16.421Z] > command requires scopes: ["email","openid","https://www.googleapis.com/auth/cloudplatformprojects.readonly","https://www.googleapis.com/auth/firebase","https://www.googleapis.com/auth/cloud-platform"]
[debug] [2023-02-11T20:27:16.421Z] > authorizing via signed-in user (mdalauddin8948@gmail.com)
[info] 
     ######## #### ########  ######## ########     ###     ######  ########
     ##        ##  ##     ## ##       ##     ##  ##   ##  ##       ##
     ######    ##  ########  ######   ########  #########  ######  ######
     ##        ##  ##    ##  ##       ##     ## ##     ##       ## ##
     ##       #### ##     ## ######## ########  ##     ##  ######  ########

You're about to initialize a Firebase project in this directory:

  C:\projects\Nest\Nest Client Side

Before we get started, keep in mind:

  * You are currently outside your home directory
  * You are initializing within an existing Firebase project directory

[info] 
=== Project Setup
[info] 
[info] First, let's associate this project directory with a Firebase project.
[info] You can create multiple project aliases by running firebase use --add, 
[info] but for now we'll just set up a default project.
[info] 
[debug] [2023-02-11T20:27:25.037Z] Using project from CLI flag: khudalagcy
[debug] [2023-02-11T20:27:25.040Z] >>> [apiv2][query] GET https://firebase.googleapis.com/v1beta1/projects/khudalagcy [none]
[debug] [2023-02-11T20:27:26.175Z] <<< [apiv2][status] GET https://firebase.googleapis.com/v1beta1/projects/khudalagcy 200
[debug] [2023-02-11T20:27:26.176Z] <<< [apiv2][body] GET https://firebase.googleapis.com/v1beta1/projects/khudalagcy {"projectId":"khudalagcy","projectNumber":"770371453659","displayName":"Khuda Lagcy","name":"projects/khudalagcy","resources":{"hostingSite":"khudalagcy"},"state":"ACTIVE","etag":"1_58cfae56-b7d0-43a5-83c6-3619a834e358"}
[info] i  Using project khudalagcy (Khuda Lagcy) 
[info] 
=== Functions Setup
[debug] [2023-02-11T20:27:26.218Z] > command requires scopes: ["email","openid","https://www.googleapis.com/auth/cloudplatformprojects.readonly","https://www.googleapis.com/auth/firebase","https://www.googleapis.com/auth/cloud-platform"]
[debug] [2023-02-11T20:27:26.219Z] > authorizing via signed-in user (mdalauddin8948@gmail.com)
[debug] [2023-02-11T20:27:26.220Z] [iam] checking project khudalagcy for permissions ["firebase.projects.get"]
[debug] [2023-02-11T20:27:26.222Z] >>> [apiv2][query] POST https://cloudresourcemanager.googleapis.com/v1/projects/khudalagcy:testIamPermissions [none]
[debug] [2023-02-11T20:27:26.222Z] >>> [apiv2][(partial)header] POST https://cloudresourcemanager.googleapis.com/v1/projects/khudalagcy:testIamPermissions x-goog-quota-user=projects/khudalagcy
[debug] [2023-02-11T20:27:26.222Z] >>> [apiv2][body] POST https://cloudresourcemanager.googleapis.com/v1/projects/khudalagcy:testIamPermissions {"permissions":["firebase.projects.get"]}
[debug] [2023-02-11T20:27:28.088Z] <<< [apiv2][status] POST https://cloudresourcemanager.googleapis.com/v1/projects/khudalagcy:testIamPermissions 200
[debug] [2023-02-11T20:27:28.088Z] <<< [apiv2][body] POST https://cloudresourcemanager.googleapis.com/v1/projects/khudalagcy:testIamPermissions {"permissions":["firebase.projects.get"]}
[debug] [2023-02-11T20:27:28.090Z] >>> [apiv2][query] GET https://serviceusage.googleapis.com/v1/projects/khudalagcy/services/cloudfunctions.googleapis.com [none]
[debug] [2023-02-11T20:27:28.091Z] >>> [apiv2][(partial)header] GET https://serviceusage.googleapis.com/v1/projects/khudalagcy/services/cloudfunctions.googleapis.com x-goog-quota-user=projects/khudalagcy
[debug] [2023-02-11T20:27:28.093Z] >>> [apiv2][query] GET https://serviceusage.googleapis.com/v1/projects/khudalagcy/services/runtimeconfig.googleapis.com [none]
[debug] [2023-02-11T20:27:28.093Z] >>> [apiv2][(partial)header] GET https://serviceusage.googleapis.com/v1/projects/khudalagcy/services/runtimeconfig.googleapis.com x-goog-quota-user=projects/khudalagcy
[debug] [2023-02-11T20:27:30.101Z] <<< [apiv2][status] GET https://serviceusage.googleapis.com/v1/projects/khudalagcy/services/runtimeconfig.googleapis.com 200
[debug] [2023-02-11T20:27:30.101Z] <<< [apiv2][body] GET https://serviceusage.googleapis.com/v1/projects/khudalagcy/services/runtimeconfig.googleapis.com [omitted]
[debug] [2023-02-11T20:27:30.103Z] <<< [apiv2][status] GET https://serviceusage.googleapis.com/v1/projects/khudalagcy/services/cloudfunctions.googleapis.com 200
[debug] [2023-02-11T20:27:30.103Z] <<< [apiv2][body] GET https://serviceusage.googleapis.com/v1/projects/khudalagcy/services/cloudfunctions.googleapis.com [omitted]
[debug] [2023-02-11T20:27:30.103Z] >>> [apiv2][query] POST https://serviceusage.googleapis.com/v1/projects/khudalagcy/services/cloudfunctions.googleapis.com:enable [none]
[debug] [2023-02-11T20:27:30.103Z] >>> [apiv2][(partial)header] POST https://serviceusage.googleapis.com/v1/projects/khudalagcy/services/cloudfunctions.googleapis.com:enable x-goog-quota-user=projects/khudalagcy
[debug] [2023-02-11T20:27:32.374Z] <<< [apiv2][status] POST https://serviceusage.googleapis.com/v1/projects/khudalagcy/services/cloudfunctions.googleapis.com:enable 200
[debug] [2023-02-11T20:27:32.374Z] <<< [apiv2][body] POST https://serviceusage.googleapis.com/v1/projects/khudalagcy/services/cloudfunctions.googleapis.com:enable [omitted]
[debug] [2023-02-11T20:27:42.376Z] >>> [apiv2][query] GET https://serviceusage.googleapis.com/v1/projects/khudalagcy/services/cloudfunctions.googleapis.com [none]
[debug] [2023-02-11T20:27:42.377Z] >>> [apiv2][(partial)header] GET https://serviceusage.googleapis.com/v1/projects/khudalagcy/services/cloudfunctions.googleapis.com x-goog-quota-user=projects/khudalagcy
[debug] [2023-02-11T20:27:44.406Z] <<< [apiv2][status] GET https://serviceusage.googleapis.com/v1/projects/khudalagcy/services/cloudfunctions.googleapis.com 200
[debug] [2023-02-11T20:27:44.407Z] <<< [apiv2][body] GET https://serviceusage.googleapis.com/v1/projects/khudalagcy/services/cloudfunctions.googleapis.com [omitted]
[info] Let's create a new codebase for your functions.
[info] A directory corresponding to the codebase will be created in your project
[info] with sample code pre-configured.

[info] See https://firebase.google.com/docs/functions/organize-functions for
[info] more information on organizing your functions using codebases.

[info] Functions can be deployed with firebase deploy.

[info] +  Wrote functions/package.json 
[info] +  Wrote functions/index.js 
[info] +  Wrote functions/.gitignore 
